0 info it worked if it ends with ok
1 verbose cli [ '/usr/local/Cellar/node@6/6.14.2/bin/node',
1 verbose cli   '/usr/local/opt/node@6/bin/npm',
1 verbose cli   'start' ]
2 info using npm@3.10.10
3 info using node@v8.11.3
4 verbose run-script [ 'prestart', 'start', 'poststart' ]
5 info lifecycle serendipity@1.0.0~prestart: serendipity@1.0.0
6 silly lifecycle serendipity@1.0.0~prestart: no script for prestart, continuing
7 info lifecycle serendipity@1.0.0~start: serendipity@1.0.0
8 verbose lifecycle serendipity@1.0.0~start: unsafe-perm in lifecycle true
9 verbose lifecycle serendipity@1.0.0~start: PATH: /usr/local/Cellar/node@6/6.14.2/lib/node_modules/npm/bin/node-gyp-bin:/Users/ryanlee/src/serendipity/node_modules/.bin:/usr/local/Cellar/node@6/6.14.2/bin:/usr/local/opt/node@6/bin:/Library/Frameworks/Python.framework/Versions/3.6/bin:/Users/ryanlee/.nvm/versions/node/v8.11.3/bin:/Users/ryanlee/.rvm/gems/ruby-2.5.1/bin:/Users/ryanlee/.rvm/gems/ruby-2.5.1@global/bin:/Users/ryanlee/.rvm/rubies/ruby-2.5.1/bin:/usr/local/bin:/usr/bin:/bin:/usr/sbin:/sbin:/usr/local/go/bin:/Users/ryanlee/.rvm/bin
10 verbose lifecycle serendipity@1.0.0~start: CWD: /Users/ryanlee/src/serendipity
11 silly lifecycle serendipity@1.0.0~start: Args: [ '-c',
11 silly lifecycle   'webpack-dev-server --progress --config webpack.dev.js' ]
12 silly lifecycle serendipity@1.0.0~start: Returned: code: 1  signal: null
13 info lifecycle serendipity@1.0.0~start: Failed to exec start script
14 verbose stack Error: serendipity@1.0.0 start: `webpack-dev-server --progress --config webpack.dev.js`
14 verbose stack Exit status 1
14 verbose stack     at EventEmitter.<anonymous> (/usr/local/Cellar/node@6/6.14.2/lib/node_modules/npm/lib/utils/lifecycle.js:255:16)
14 verbose stack     at emitTwo (events.js:126:13)
14 verbose stack     at EventEmitter.emit (events.js:214:7)
14 verbose stack     at ChildProcess.<anonymous> (/usr/local/Cellar/node@6/6.14.2/lib/node_modules/npm/lib/utils/spawn.js:40:14)
14 verbose stack     at emitTwo (events.js:126:13)
14 verbose stack     at ChildProcess.emit (events.js:214:7)
14 verbose stack     at maybeClose (internal/child_process.js:925:16)
14 verbose stack     at Process.ChildProcess._handle.onexit (internal/child_process.js:209:5)
15 verbose pkgid serendipity@1.0.0
16 verbose cwd /Users/ryanlee/src/serendipity
17 error Darwin 17.4.0
18 error argv "/usr/local/Cellar/node@6/6.14.2/bin/node" "/usr/local/opt/node@6/bin/npm" "start"
19 error node v8.11.3
20 error npm  v3.10.10
21 error code ELIFECYCLE
22 error serendipity@1.0.0 start: `webpack-dev-server --progress --config webpack.dev.js`
22 error Exit status 1
23 error Failed at the serendipity@1.0.0 start script 'webpack-dev-server --progress --config webpack.dev.js'.
23 error Make sure you have the latest version of node.js and npm installed.
23 error If you do, this is most likely a problem with the serendipity package,
23 error not with npm itself.
23 error Tell the author that this fails on your system:
23 error     webpack-dev-server --progress --config webpack.dev.js
23 error You can get information on how to open an issue for this project with:
23 error     npm bugs serendipity
23 error Or if that isn't available, you can get their info via:
23 error     npm owner ls serendipity
23 error There is likely additional logging output above.
24 verbose exit [ 1, true ]
